<?xml version="1.0" encoding="UTF-8"?>
<!-- Generated by org.testng.reporters.JUnitReportReporter -->
<testsuite hostname="TAPAN" failures="0" tests="5" name="com.qa.opencart.tests.HomePageTest" time="32.437" errors="0" timestamp="2024-09-04T02:38:28 EDT" skipped="0">
  <testcase classname="com.qa.opencart.tests.HomePageTest" name="getHomePageTitleTest" time="0.069"/>
  <system-out/>
  <testcase classname="com.qa.opencart.tests.HomePageTest" name="getHomePageURLTest" time="0.003"/>
  <system-out/>
  <testcase classname="com.qa.opencart.tests.HomePageTest" name="doSearchTest" time="10.504"/>
  <system-out/>
  <testcase classname="com.qa.opencart.tests.HomePageTest" name="doSearchTest" time="11.111"/>
  <system-out/>
  <testcase classname="com.qa.opencart.tests.HomePageTest" name="doSearchTest" time="10.750"/>
  <system-out/>
</testsuite> <!-- com.qa.opencart.tests.HomePageTest -->
