<?xml version="1.0" encoding="UTF-8"?>
<!-- Generated by org.testng.reporters.JUnitReportReporter -->
<testsuite hostname="TAPAN" failures="0" tests="3" name="com.qa.opencart.tests.LogInPageTest" time="16.356" errors="0" timestamp="2024-09-04T02:38:28 EDT" skipped="0">
  <testcase classname="com.qa.opencart.tests.LogInPageTest" name="logInPageNavigationTest" time="1.658"/>
  <system-out/>
  <testcase classname="com.qa.opencart.tests.LogInPageTest" name="forgotPwdLinkExistTest" time="5.032"/>
  <system-out/>
  <testcase classname="com.qa.opencart.tests.LogInPageTest" name="appLoginTest" time="9.666"/>
  <system-out/>
</testsuite> <!-- com.qa.opencart.tests.LogInPageTest -->
