<?xml version="1.0" encoding="UTF-8"?>
<!-- Generated by org.testng.reporters.JUnitReportReporter -->
<testsuite hostname="TAPAN" failures="0" tests="3" name="com.qa.opencart.tests.LogInPageTest" time="19.510" errors="0" timestamp="2024-09-05T02:14:39 EDT" skipped="0">
  <testcase classname="com.qa.opencart.tests.LogInPageTest" name="logInPageNavigationTest" time="6.982"/>
  <system-out/>
  <testcase classname="com.qa.opencart.tests.LogInPageTest" name="forgotPwdLinkExistTest" time="5.035"/>
  <system-out/>
  <testcase classname="com.qa.opencart.tests.LogInPageTest" name="appLoginTest" time="7.493"/>
  <system-out/>
</testsuite> <!-- com.qa.opencart.tests.LogInPageTest -->
