<?xml version="1.0" encoding="UTF-8"?>
<!-- Generated by org.testng.reporters.JUnitReportReporter -->
<testsuite hostname="TAPAN" failures="0" tests="5" name="com.qa.opencart.tests.HomePageTest" time="17.389" errors="0" timestamp="2024-09-05T03:06:36 EDT" skipped="0">
  <testcase classname="com.qa.opencart.tests.HomePageTest" name="getHomePageTitleTest" time="0.014"/>
  <system-out/>
  <testcase classname="com.qa.opencart.tests.HomePageTest" name="getHomePageURLTest" time="0.003"/>
  <system-out/>
  <testcase classname="com.qa.opencart.tests.HomePageTest" name="doSearchTest" time="5.679"/>
  <system-out/>
  <testcase classname="com.qa.opencart.tests.HomePageTest" name="doSearchTest" time="6.074"/>
  <system-out/>
  <testcase classname="com.qa.opencart.tests.HomePageTest" name="doSearchTest" time="5.619"/>
  <system-out/>
</testsuite> <!-- com.qa.opencart.tests.HomePageTest -->
