<?xml version="1.0" encoding="UTF-8"?>
<!-- Generated by org.testng.reporters.JUnitReportReporter -->
<testsuite hostname="TAPAN" failures="0" tests="3" name="com.qa.opencart.tests.LogInPageTest" time="10.330" errors="0" timestamp="2024-09-05T06:00:07 EDT" skipped="0">
  <testcase classname="com.qa.opencart.tests.LogInPageTest" name="logInPageNavigationTest" time="0.939"/>
  <system-out/>
  <testcase classname="com.qa.opencart.tests.LogInPageTest" name="forgotPwdLinkExistTest" time="5.024"/>
  <system-out/>
  <testcase classname="com.qa.opencart.tests.LogInPageTest" name="appLoginTest" time="4.367"/>
  <system-out/>
</testsuite> <!-- com.qa.opencart.tests.LogInPageTest -->
