<?xml version="1.0" encoding="UTF-8"?>
<!-- Generated by org.testng.reporters.JUnitReportReporter -->
<testsuite hostname="TAPAN" failures="0" tests="5" name="com.qa.opencart.tests.HomePageTest" time="18.874" errors="0" timestamp="2024-09-05T02:26:54 EDT" skipped="0">
  <testcase classname="com.qa.opencart.tests.HomePageTest" name="getHomePageTitleTest" time="0.015"/>
  <system-out/>
  <testcase classname="com.qa.opencart.tests.HomePageTest" name="getHomePageURLTest" time="0.015"/>
  <system-out/>
  <testcase classname="com.qa.opencart.tests.HomePageTest" name="doSearchTest" time="5.492"/>
  <system-out/>
  <testcase classname="com.qa.opencart.tests.HomePageTest" name="doSearchTest" time="5.804"/>
  <system-out/>
  <testcase classname="com.qa.opencart.tests.HomePageTest" name="doSearchTest" time="7.548"/>
  <system-out/>
</testsuite> <!-- com.qa.opencart.tests.HomePageTest -->
