<?xml version="1.0" encoding="UTF-8"?>
<!-- Generated by org.testng.reporters.JUnitReportReporter -->
<testsuite hostname="TAPAN" failures="0" tests="5" name="com.qa.opencart.tests.HomePageTest" time="18.589" errors="0" timestamp="2024-09-05T02:01:03 EDT" skipped="0">
  <testcase classname="com.qa.opencart.tests.HomePageTest" name="getHomePageTitleTest" time="0.029"/>
  <system-out/>
  <testcase classname="com.qa.opencart.tests.HomePageTest" name="getHomePageURLTest" time="0.002"/>
  <system-out/>
  <testcase classname="com.qa.opencart.tests.HomePageTest" name="doSearchTest" time="6.890"/>
  <system-out/>
  <testcase classname="com.qa.opencart.tests.HomePageTest" name="doSearchTest" time="5.678"/>
  <system-out/>
  <testcase classname="com.qa.opencart.tests.HomePageTest" name="doSearchTest" time="5.990"/>
  <system-out/>
</testsuite> <!-- com.qa.opencart.tests.HomePageTest -->
