<?xml version="1.0" encoding="UTF-8"?>
<!-- Generated by org.testng.reporters.JUnitReportReporter -->
<testsuite hostname="TAPAN" failures="0" tests="3" name="com.qa.opencart.tests.LogInPageTest" time="13.293" errors="0" timestamp="2024-09-05T01:47:11 EDT" skipped="0">
  <testcase classname="com.qa.opencart.tests.LogInPageTest" name="logInPageNavigationTest" time="2.018"/>
  <system-out/>
  <testcase classname="com.qa.opencart.tests.LogInPageTest" name="forgotPwdLinkExistTest" time="5.027"/>
  <system-out/>
  <testcase classname="com.qa.opencart.tests.LogInPageTest" name="appLoginTest" time="6.248"/>
  <system-out/>
</testsuite> <!-- com.qa.opencart.tests.LogInPageTest -->
